# JRE version: Java(TM) SE Runtime Environment (8.0_241-b07) (build 1.8.0_241-b07)
# Java VM: Java HotSpot(TM) 64-Bit Server VM (25.241-b07 mixed mode windows-amd64 compressed oops)
Heap:
 PSYoungGen      total 296960K, used 23123K [0x00000000d5b80000, 0x00000000edb80000, 0x0000000100000000)
  eden space 276480K, 8% used [0x00000000d5b80000,0x00000000d7214c90,0x00000000e6980000)
  from space 20480K, 0% used [0x00000000e6980000,0x00000000e6980000,0x00000000e7d80000)
  to   space 20480K, 0% used [0x00000000ec780000,0x00000000ec780000,0x00000000edb80000)
 ParOldGen       total 114688K, used 23939K [0x0000000081200000, 0x0000000088200000, 0x00000000d5b80000)
  object space 114688K, 20% used [0x0000000081200000,0x0000000082960d80,0x0000000088200000)
 Metaspace       used 57411K, capacity 61470K, committed 61824K, reserved 1101824K
  class space    used 8004K, capacity 8732K, committed 8832K, reserved 1048576K
GC Heap History (10 events):
Event: 27.846 GC heap before
{Heap before GC invocations=11 (full 2):
 PSYoungGen      total 231424K, used 218624K [0x00000000d5b80000, 0x00000000e4e80000, 0x0000000100000000)
  eden space 218624K, 100% used [0x00000000d5b80000,0x00000000e3100000,0x00000000e3100000)
  from space 12800K, 0% used [0x00000000e4200000,0x00000000e4200000,0x00000000e4e80000)
  to   space 14336K, 0% used [0x00000000e3280000,0x00000000e3280000,0x00000000e4080000)
 ParOldGen       total 84992K, used 19103K [0x0000000081200000, 0x0000000086500000, 0x00000000d5b80000)
  object space 84992K, 22% used [0x0000000081200000,0x00000000824a7d58,0x0000000086500000)
 Metaspace       used 53254K, capacity 56754K, committed 57088K, reserved 1097728K
  class space    used 7419K, capacity 8075K, committed 8192K, reserved 1048576K
Event: 27.882 GC heap after
Heap after GC invocations=11 (full 2):
 PSYoungGen      total 234496K, used 14331K [0x00000000d5b80000, 0x00000000e9780000, 0x0000000100000000)
  eden space 220160K, 0% used [0x00000000d5b80000,0x00000000d5b80000,0x00000000e3280000)
  from space 14336K, 99% used [0x00000000e3280000,0x00000000e407ec50,0x00000000e4080000)
  to   space 20992K, 0% used [0x00000000e8300000,0x00000000e8300000,0x00000000e9780000)
 ParOldGen       total 84992K, used 30203K [0x0000000081200000, 0x0000000086500000, 0x00000000d5b80000)
  object space 84992K, 35% used [0x0000000081200000,0x0000000082f7eca0,0x0000000086500000)
 Metaspace       used 53254K, capacity 56754K, committed 57088K, reserved 1097728K
  class space    used 7419K, capacity 8075K, committed 8192K, reserved 1048576K
}
Event: 35.603 GC heap before
{Heap before GC invocations=12 (full 2):
 PSYoungGen      total 234496K, used 52402K [0x00000000d5b80000, 0x00000000e9780000, 0x0000000100000000)
  eden space 220160K, 17% used [0x00000000d5b80000,0x00000000d80ade80,0x00000000e3280000)
  from space 14336K, 99% used [0x00000000e3280000,0x00000000e407ec50,0x00000000e4080000)
  to   space 20992K, 0% used [0x00000000e8300000,0x00000000e8300000,0x00000000e9780000)
 ParOldGen       total 84992K, used 30203K [0x0000000081200000, 0x0000000086500000, 0x00000000d5b80000)
  object space 84992K, 35% used [0x0000000081200000,0x0000000082f7eca0,0x0000000086500000)
 Metaspace       used 55355K, capacity 59018K, committed 59136K, reserved 1099776K
  class space    used 7701K, capacity 8365K, committed 8448K, reserved 1048576K
Event: 35.637 GC heap after
Heap after GC invocations=12 (full 2):
 PSYoungGen      total 291328K, used 11265K [0x00000000d5b80000, 0x00000000e9180000, 0x0000000100000000)
  eden space 276480K, 0% used [0x00000000d5b80000,0x00000000d5b80000,0x00000000e6980000)
  from space 14848K, 75% used [0x00000000e8300000,0x00000000e8e004d0,0x00000000e9180000)
  to   space 20480K, 0% used [0x00000000e6980000,0x00000000e6980000,0x00000000e7d80000)
 ParOldGen       total 84992K, used 30203K [0x0000000081200000, 0x0000000086500000, 0x00000000d5b80000)
  object space 84992K, 35% used [0x0000000081200000,0x0000000082f7eca0,0x0000000086500000)
 Metaspace       used 55355K, capacity 59018K, committed 59136K, reserved 1099776K
  class space    used 7701K, capacity 8365K, committed 8448K, reserved 1048576K
}
Event: 35.637 GC heap before
{Heap before GC invocations=13 (full 3):
 PSYoungGen      total 291328K, used 11265K [0x00000000d5b80000, 0x00000000e9180000, 0x0000000100000000)
  eden space 276480K, 0% used [0x00000000d5b80000,0x00000000d5b80000,0x00000000e6980000)
  from space 14848K, 75% used [0x00000000e8300000,0x00000000e8e004d0,0x00000000e9180000)
  to   space 20480K, 0% used [0x00000000e6980000,0x00000000e6980000,0x00000000e7d80000)
 ParOldGen       total 84992K, used 30203K [0x0000000081200000, 0x0000000086500000, 0x00000000d5b80000)
  object space 84992K, 35% used [0x0000000081200000,0x0000000082f7eca0,0x0000000086500000)
 Metaspace       used 55355K, capacity 59018K, committed 59136K, reserved 1099776K
  class space    used 7701K, capacity 8365K, committed 8448K, reserved 1048576K
Event: 36.049 GC heap after
Heap after GC invocations=13 (full 3):
 PSYoungGen      total 291328K, used 0K [0x00000000d5b80000, 0x00000000e9180000, 0x0000000100000000)
  eden space 276480K, 0% used [0x00000000d5b80000,0x00000000d5b80000,0x00000000e6980000)
  from space 14848K, 0% used [0x00000000e8300000,0x00000000e8300000,0x00000000e9180000)
  to   space 20480K, 0% used [0x00000000e6980000,0x00000000e6980000,0x00000000e7d80000)
 ParOldGen       total 114688K, used 24773K [0x0000000081200000, 0x0000000088200000, 0x00000000d5b80000)
  object space 114688K, 21% used [0x0000000081200000,0x0000000082a31440,0x0000000088200000)
 Metaspace       used 55355K, capacity 59018K, committed 59136K, reserved 1099776K
  class space    used 7701K, capacity 8365K, committed 8448K, reserved 1048576K
}
Event: 256.913 GC heap before
{Heap before GC invocations=14 (full 3):
 PSYoungGen      total 291328K, used 78013K [0x00000000d5b80000, 0x00000000e9180000, 0x0000000100000000)
  eden space 276480K, 28% used [0x00000000d5b80000,0x00000000da7af680,0x00000000e6980000)
  from space 14848K, 0% used [0x00000000e8300000,0x00000000e8300000,0x00000000e9180000)
  to   space 20480K, 0% used [0x00000000e6980000,0x00000000e6980000,0x00000000e7d80000)
 ParOldGen       total 114688K, used 24773K [0x0000000081200000, 0x0000000088200000, 0x00000000d5b80000)
  object space 114688K, 21% used [0x0000000081200000,0x0000000082a31440,0x0000000088200000)
 Metaspace       used 57202K, capacity 61216K, committed 61440K, reserved 1101824K
  class space    used 7962K, capacity 8694K, committed 8704K, reserved 1048576K
Event: 256.921 GC heap after
Heap after GC invocations=14 (full 3):
 PSYoungGen      total 296960K, used 2389K [0x00000000d5b80000, 0x00000000edb80000, 0x0000000100000000)
  eden space 276480K, 0% used [0x00000000d5b80000,0x00000000d5b80000,0x00000000e6980000)
  from space 20480K, 11% used [0x00000000e6980000,0x00000000e6bd5440,0x00000000e7d80000)
  to   space 20480K, 0% used [0x00000000ec780000,0x00000000ec780000,0x00000000edb80000)
 ParOldGen       total 114688K, used 24773K [0x0000000081200000, 0x0000000088200000, 0x00000000d5b80000)
  object space 114688K, 21% used [0x0000000081200000,0x0000000082a31440,0x0000000088200000)
 Metaspace       used 57202K, capacity 61216K, committed 61440K, reserved 1101824K
  class space    used 7962K, capacity 8694K, committed 8704K, reserved 1048576K
}
Event: 256.921 GC heap before
{Heap before GC invocations=15 (full 4):
 PSYoungGen      total 296960K, used 2389K [0x00000000d5b80000, 0x00000000edb80000, 0x0000000100000000)
  eden space 276480K, 0% used [0x00000000d5b80000,0x00000000d5b80000,0x00000000e6980000)
  from space 20480K, 11% used [0x00000000e6980000,0x00000000e6bd5440,0x00000000e7d80000)
  to   space 20480K, 0% used [0x00000000ec780000,0x00000000ec780000,0x00000000edb80000)
 ParOldGen       total 114688K, used 24773K [0x0000000081200000, 0x0000000088200000, 0x00000000d5b80000)
  object space 114688K, 21% used [0x0000000081200000,0x0000000082a31440,0x0000000088200000)
 Metaspace       used 57202K, capacity 61216K, committed 61440K, reserved 1101824K
  class space    used 7962K, capacity 8694K, committed 8704K, reserved 1048576K
Event: 257.325 GC heap after
Heap after GC invocations=15 (full 4):
 PSYoungGen      total 296960K, used 0K [0x00000000d5b80000, 0x00000000edb80000, 0x0000000100000000)
  eden space 276480K, 0% used [0x00000000d5b80000,0x00000000d5b80000,0x00000000e6980000)
  from space 20480K, 0% used [0x00000000e6980000,0x00000000e6980000,0x00000000e7d80000)
  to   space 20480K, 0% used [0x00000000ec780000,0x00000000ec780000,0x00000000edb80000)
 ParOldGen       total 114688K, used 23939K [0x0000000081200000, 0x0000000088200000, 0x00000000d5b80000)
  object space 114688K, 20% used [0x0000000081200000,0x0000000082960d80,0x0000000088200000)
 Metaspace       used 57202K, capacity 61216K, committed 61440K, reserved 1101824K
  class space    used 7962K, capacity 8694K, committed 8704K, reserved 1048576K
}

